-XnoInline
-1.8
-showWeaveInfo
-source
1.8
-target
1.8
-classpath
C:\Users\walli\.m2\repository\br\ufrn\ppgsc\scenario\analyzer\scenario-common\1.0.0\scenario-common-1.0.0.jar;C:\Users\walli\.m2\repository\org\glassfish\javax.faces\2.2.6\javax.faces-2.2.6.jar;C:\Users\walli\.m2\repository\org\postgresql\postgresql\9.3-1102-jdbc41\postgresql-9.3-1102-jdbc41.jar;C:\Users\walli\.m2\repository\junit\junit\4.13\junit-4.13.jar;C:\Users\walli\.m2\repository\org\aspectj\aspectjrt\1.8.4\aspectjrt-1.8.4.jar;C:\Users\walli\.m2\repository\javax\transaction\jta\1.1\jta-1.1.jar;C:\Users\walli\.m2\repository\commons-io\commons-io\2.6\commons-io-2.6.jar;C:\Users\walli\.m2\repository\org\hibernate\hibernate-entitymanager\5.2.8.Final\hibernate-entitymanager-5.2.8.Final.jar;C:\Users\walli\.m2\repository\javassist\javassist\3.12.0.GA\javassist-3.12.0.GA.jar;C:\Users\walli\.m2\repository\org\hamcrest\hamcrest-core\1.3\hamcrest-core-1.3.jar;C:\Users\walli\.m2\repository\org\jboss\logging\jboss-logging\3.3.0.Final\jboss-logging-3.3.0.Final.jar;C:\Users\walli\.m2\repository\org\hibernate\hibernate-core\5.2.8.Final\hibernate-core-5.2.8.Final.jar;C:\Users\walli\.m2\repository\antlr\antlr\2.7.7\antlr-2.7.7.jar;C:\Users\walli\.m2\repository\org\jboss\jandex\2.0.3.Final\jandex-2.0.3.Final.jar;C:\Users\walli\.m2\repository\com\fasterxml\classmate\1.3.0\classmate-1.3.0.jar;C:\Users\walli\.m2\repository\dom4j\dom4j\1.6.1\dom4j-1.6.1.jar;C:\Users\walli\.m2\repository\org\hibernate\common\hibernate-commons-annotations\5.0.1.Final\hibernate-commons-annotations-5.0.1.Final.jar;C:\Users\walli\.m2\repository\org\hibernate\javax\persistence\hibernate-jpa-2.1-api\1.0.0.Final\hibernate-jpa-2.1-api-1.0.0.Final.jar;C:\Users\walli\.m2\repository\org\javassist\javassist\3.20.0-GA\javassist-3.20.0-GA.jar;C:\Users\walli\.m2\repository\net\bytebuddy\byte-buddy\1.6.6\byte-buddy-1.6.6.jar;C:\Users\walli\.m2\repository\org\jboss\spec\javax\transaction\jboss-transaction-api_1.2_spec\1.0.1.Final\jboss-transaction-api_1.2_spec-1.0.1.Final.jar;C:\Users\walli\repositorios\scenario-analyzer-maven\scenario-cdynamic\target\classes
-inpath
C:\Users\walli\repositorios\scenario-analyzer-maven\scenario-cdynamic\target/classes
-d
C:\Users\walli\repositorios\scenario-analyzer-maven\scenario-cdynamic\target\classes
C:\Users\walli\repositorios\scenario-analyzer-maven\scenario-cdynamic\src\main\java\br\ufrn\ppgsc\scenario\analyzer\cdynamic\aspects\AbstractAspectEntryPoint.java
C:\Users\walli\repositorios\scenario-analyzer-maven\scenario-cdynamic\src\main\java\br\ufrn\ppgsc\scenario\analyzer\cdynamic\aspects\AspectScenarioEntryPoint.java
C:\Users\walli\repositorios\scenario-analyzer-maven\scenario-cdynamic\src\main\java\br\ufrn\ppgsc\scenario\analyzer\cdynamic\aspects\AspectUtil.java
C:\Users\walli\repositorios\scenario-analyzer-maven\scenario-cdynamic\src\main\java\br\ufrn\ppgsc\scenario\analyzer\cdynamic\db\DatabaseService.java
C:\Users\walli\repositorios\scenario-analyzer-maven\scenario-cdynamic\src\main\java\br\ufrn\ppgsc\scenario\analyzer\cdynamic\db\GenericDAO.java
C:\Users\walli\repositorios\scenario-analyzer-maven\scenario-cdynamic\src\main\java\br\ufrn\ppgsc\scenario\analyzer\cdynamic\db\GenericDAOFileImpl.java
C:\Users\walli\repositorios\scenario-analyzer-maven\scenario-cdynamic\src\main\java\br\ufrn\ppgsc\scenario\analyzer\cdynamic\db\GenericDAOHibernateImpl.java
C:\Users\walli\repositorios\scenario-analyzer-maven\scenario-cdynamic\src\main\java\br\ufrn\ppgsc\scenario\analyzer\cdynamic\model\RuntimeGenericAnnotation.java
C:\Users\walli\repositorios\scenario-analyzer-maven\scenario-cdynamic\src\main\java\br\ufrn\ppgsc\scenario\analyzer\cdynamic\model\RuntimeNode.java
C:\Users\walli\repositorios\scenario-analyzer-maven\scenario-cdynamic\src\main\java\br\ufrn\ppgsc\scenario\analyzer\cdynamic\model\RuntimePerformance.java
C:\Users\walli\repositorios\scenario-analyzer-maven\scenario-cdynamic\src\main\java\br\ufrn\ppgsc\scenario\analyzer\cdynamic\model\RuntimeReliability.java
C:\Users\walli\repositorios\scenario-analyzer-maven\scenario-cdynamic\src\main\java\br\ufrn\ppgsc\scenario\analyzer\cdynamic\model\RuntimeRobustness.java
C:\Users\walli\repositorios\scenario-analyzer-maven\scenario-cdynamic\src\main\java\br\ufrn\ppgsc\scenario\analyzer\cdynamic\model\RuntimeScenario.java
C:\Users\walli\repositorios\scenario-analyzer-maven\scenario-cdynamic\src\main\java\br\ufrn\ppgsc\scenario\analyzer\cdynamic\model\RuntimeSecurity.java
C:\Users\walli\repositorios\scenario-analyzer-maven\scenario-cdynamic\src\main\java\br\ufrn\ppgsc\scenario\analyzer\cdynamic\model\SystemExecution.java
C:\Users\walli\repositorios\scenario-analyzer-maven\scenario-cdynamic\src\main\java\br\ufrn\ppgsc\scenario\analyzer\cdynamic\parsers\GenericAnnotationParser.java
C:\Users\walli\repositorios\scenario-analyzer-maven\scenario-cdynamic\src\main\java\br\ufrn\ppgsc\scenario\analyzer\cdynamic\parsers\PerformanceAnnotationParser.java
C:\Users\walli\repositorios\scenario-analyzer-maven\scenario-cdynamic\src\main\java\br\ufrn\ppgsc\scenario\analyzer\cdynamic\parsers\ReliabilityAnnotationParser.java
C:\Users\walli\repositorios\scenario-analyzer-maven\scenario-cdynamic\src\main\java\br\ufrn\ppgsc\scenario\analyzer\cdynamic\parsers\SecurityAnnotationParser.java
C:\Users\walli\repositorios\scenario-analyzer-maven\scenario-cdynamic\src\main\java\br\ufrn\ppgsc\scenario\analyzer\cdynamic\util\RuntimeCallGraph.java
C:\Users\walli\repositorios\scenario-analyzer-maven\scenario-cdynamic\src\main\java\br\ufrn\ppgsc\scenario\analyzer\cdynamic\util\RuntimeCallGraphPrintUtil.java
C:\Users\walli\repositorios\scenario-analyzer-maven\scenario-cdynamic\src\main\java\br\ufrn\ppgsc\scenario\analyzer\cdynamic\util\RuntimeCallGraphQueryUtil.java
C:\Users\walli\repositorios\scenario-analyzer-maven\scenario-cdynamic\src\main\java\br\ufrn\ppgsc\scenario\analyzer\cdynamic\util\Utils.java
